<?xml version="1.0" encoding="UTF-8"?>
<robot generator="Robot 2.8.7 (Jython 2.5.3 on java1.8.0_144)" generated="20171130 17:17:03.832">
<suite source="/Users/rathore/Desktop/RobotFrameworkWithJavaSeleniumWebDriver-master/src/test" name="Test" id="s1">
<suite source="/Users/rathore/Desktop/RobotFrameworkWithJavaSeleniumWebDriver-master/src/test/robotframework" name="Robotframework" id="s1-s1">
<suite source="/Users/rathore/Desktop/RobotFrameworkWithJavaSeleniumWebDriver-master/src/test/robotframework/acceptance" name="Acceptance" id="s1-s1-s1">
<suite source="/Users/rathore/Desktop/RobotFrameworkWithJavaSeleniumWebDriver-master/src/test/robotframework/acceptance/CrossoverJobsTest.robot" name="CrossoverJobsTest" id="s1-s1-s1-s1">
<test name="Jobs Segment Keyword Search Test Case" id="s1-s1-s1-s1-t1">
<kw type="setup" name="com.crossover.automation.keywords.JobPortalKeywords.Open Local Browser">
<doc></doc>
<arguments>
</arguments>
<msg level="INFO" timestamp="20171130 17:17:14.357">Starting ChromeDriver 2.33.506106 (8a06c39c4582fbfbab6966dbb1c38a9173bfb1a2) on port 24009
Only local connections are allowed.
log4j:WARN No appenders could be found for logger (org.apache.http.client.protocol.RequestAddCookies).
log4j:WARN Please initialize the log4j system properly.
log4j:WARN See http://logging.apache.org/log4j/1.2/faq.html#noconfig for more info.</msg>
<status endtime="20171130 17:17:14.365" starttime="20171130 17:17:06.999" status="PASS"></status>
</kw>
<kw type="kw" name="KeyWords.Open Home Page of Crossover">
<doc></doc>
<arguments>
</arguments>
<kw type="kw" name="com.crossover.automation.keywords.JobPortalKeywords.Open Home Page">
<doc></doc>
<arguments>
</arguments>
<status endtime="20171130 17:17:34.555" starttime="20171130 17:17:14.405" status="PASS"></status>
</kw>
<kw type="kw" name="com.crossover.automation.keywords.JobPortalKeywords.Verify Home Page Open">
<doc></doc>
<arguments>
</arguments>
<status endtime="20171130 17:17:34.909" starttime="20171130 17:17:34.558" status="PASS"></status>
</kw>
<status endtime="20171130 17:17:34.912" starttime="20171130 17:17:14.376" status="PASS"></status>
</kw>
<kw type="kw" name="KeyWords.Open Jobs Segment">
<doc></doc>
<arguments>
</arguments>
<kw type="kw" name="com.crossover.automation.keywords.JobPortalKeywords.Click Menu On Home Page">
<doc></doc>
<arguments>
<arg>${menuName}</arg>
</arguments>
<status endtime="20171130 17:17:40.598" starttime="20171130 17:17:34.926" status="PASS"></status>
</kw>
<kw type="kw" name="com.crossover.automation.keywords.JobPortalKeywords.Verify Candidates Page Open">
<doc></doc>
<arguments>
</arguments>
<status endtime="20171130 17:17:40.646" starttime="20171130 17:17:40.601" status="PASS"></status>
</kw>
<kw type="kw" name="com.crossover.automation.keywords.JobPortalKeywords.Click Hyperlink On Candidates Page">
<doc></doc>
<arguments>
<arg>${hyperlinkText}</arg>
</arguments>
<status endtime="20171130 17:17:53.985" starttime="20171130 17:17:40.647" status="PASS"></status>
</kw>
<kw type="kw" name="com.crossover.automation.keywords.JobPortalKeywords.Verify Jobs Segment Open">
<doc></doc>
<arguments>
</arguments>
<status endtime="20171130 17:17:54.181" starttime="20171130 17:17:53.987" status="PASS"></status>
</kw>
<status endtime="20171130 17:17:54.185" starttime="20171130 17:17:34.917" status="PASS"></status>
</kw>
<kw type="kw" name="KeyWords.Focus on search input field">
<doc></doc>
<arguments>
</arguments>
<kw type="kw" name="com.crossover.automation.keywords.JobPortalKeywords.Focus On Search Field">
<doc></doc>
<arguments>
</arguments>
<status endtime="20171130 17:17:54.307" starttime="20171130 17:17:54.191" status="PASS"></status>
</kw>
<kw type="kw" name="com.crossover.automation.keywords.JobPortalKeywords.Verify Field Focused">
<doc></doc>
<arguments>
</arguments>
<status endtime="20171130 17:17:54.402" starttime="20171130 17:17:54.308" status="PASS"></status>
</kw>
<status endtime="20171130 17:17:54.406" starttime="20171130 17:17:54.188" status="PASS"></status>
</kw>
<kw type="kw" name="com.crossover.automation.keywords.JobPortalKeywords.Search Keyword For Available Jobs">
<doc></doc>
<arguments>
<arg>${searchTermOne}</arg>
</arguments>
<msg level="INFO" timestamp="20171130 17:17:59.438">Nov 30, 2017 5:17:59 PM com.crossover.automation.pages.JobsPage verifyResults
INFO: Title not having given term text is: Director Of Admission And Enrollment Management
Nov 30, 2017 5:17:59 PM com.crossover.automation.pages.JobsPage verifyResults
INFO: Title not having given term text is: Senior Vice President of Engineering &amp; Operations
Nov 30, 2017 5:17:59 PM com.crossover.automation.pages.JobsPage verifyResults
INFO: Total Results which had this term in their job title were: 23</msg>
<status endtime="20171130 17:17:59.445" starttime="20171130 17:17:54.407" status="PASS"></status>
</kw>
<kw type="kw" name="com.crossover.automation.keywords.JobPortalKeywords.Reset Results">
<doc></doc>
<arguments>
</arguments>
<msg level="FAIL" timestamp="20171130 17:18:20.319">TimeoutException: Timed out after 20 seconds waiting for value to be "disabled". Current value: "true"
Build info: version: '2.53.0', revision: '35ae25b1534ae328c771e0856c93e187490ca824', time: '2016-03-15 10:43:46'
System info: host: 'Mahipals-Air.lan', ip: '192.168.1.141', os.name: 'Mac OS X', os.arch: 'x86_64', os.version: '10.12.6', java.version: '1.8.0_144'
Driver info: org.openqa.selenium.chrome.ChromeDriver
Capabilities [{applicationCacheEnabled=false, rotatable=false, mobileEmulationEnabled=false, networkConnectionEnabled=false, chrome={chromedriverVersion=2.33.506106 (8a06c39c4582fbfbab6966dbb1c38a9173bfb1a2), userDataDir=/var/folders/x3/bbtn1pxj20j34dztyhrr1qrh0000gn/T/.org.chromium.Chromium.aMWOXx}, takesHeapSnapshot=true, pageLoadStrategy=normal, databaseEnabled=false, handlesAlerts=true, hasTouchScreen=false, version=62.0.3202.94, platform=MAC, browserConnectionEnabled=false, nativeEvents=true, acceptSslCerts=true, locationContextEnabled=true, webStorageEnabled=true, browserName=chrome, takesScreenshot=true, javascriptEnabled=true, cssSelectorsEnabled=true, setWindowRect=true, unexpectedAlertBehaviour=}]
Session ID: c4978ad59d314c5a7b801d9a67b86ace</msg>
<status endtime="20171130 17:18:20.339" starttime="20171130 17:17:59.447" status="FAIL"></status>
</kw>
<kw type="teardown" name="com.crossover.automation.keywords.JobPortalKeywords.Close Local Browser">
<doc></doc>
<arguments>
</arguments>
<status endtime="20171130 17:18:20.647" starttime="20171130 17:18:20.344" status="PASS"></status>
</kw>
<doc>written by Rathore Mahipal
This Robot suite is having test/s for searching jobs on Crossover Available Jobs Segment</doc>
<tags>
<tag>jobsPortal priority1</tag>
<tag>SearchJobs</tag>
</tags>
<status critical="yes" endtime="20171130 17:18:20.649" starttime="20171130 17:17:06.989" status="FAIL">TimeoutException: Timed out after 20 seconds waiting for value to be "disabled". Current value: "true"
Build info: version: '2.53.0', revision: '35ae25b1534ae328c771e0856c93e187490ca824', time: '2016-03-15 10:43:46'
System info: host: 'Mahipals-Air.lan', ip: '192.168.1.141', os.name: 'Mac OS X', os.arch: 'x86_64', os.version: '10.12.6', java.version: '1.8.0_144'
Driver info: org.openqa.selenium.chrome.ChromeDriver
Capabilities [{applicationCacheEnabled=false, rotatable=false, mobileEmulationEnabled=false, networkConnectionEnabled=false, chrome={chromedriverVersion=2.33.506106 (8a06c39c4582fbfbab6966dbb1c38a9173bfb1a2), userDataDir=/var/folders/x3/bbtn1pxj20j34dztyhrr1qrh0000gn/T/.org.chromium.Chromium.aMWOXx}, takesHeapSnapshot=true, pageLoadStrategy=normal, databaseEnabled=false, handlesAlerts=true, hasTouchScreen=false, version=62.0.3202.94, platform=MAC, browserConnectionEnabled=false, nativeEvents=true, acceptSslCerts=true, locationContextEnabled=true, webStorageEnabled=true, browserName=chrome, takesScreenshot=true, javascriptEnabled=true, cssSelectorsEnabled=true, setWindowRect=true, unexpectedAlertBehaviour=}]
Session ID: c4978ad59d314c5a7b801d9a67b86ace</status>
</test>
<doc></doc>
<metadata>
</metadata>
<status endtime="20171130 17:18:20.665" starttime="20171130 17:17:04.507" status="FAIL"></status>
</suite>
<doc></doc>
<metadata>
</metadata>
<status endtime="20171130 17:18:20.687" starttime="20171130 17:17:04.451" status="FAIL"></status>
</suite>
<doc></doc>
<metadata>
</metadata>
<status endtime="20171130 17:18:20.700" starttime="20171130 17:17:04.387" status="FAIL"></status>
</suite>
<doc></doc>
<metadata>
</metadata>
<status endtime="20171130 17:18:20.727" starttime="20171130 17:17:03.850" status="FAIL"></status>
</suite>
<statistics>
<total>
<stat pass="0" fail="1">Critical Tests</stat>
<stat pass="0" fail="1">All Tests</stat>
</total>
<tag>
<stat pass="0" fail="1" doc="" links="" combined="" info="">jobsPortal priority1</stat>
<stat pass="0" fail="1" doc="" links="" combined="" info="">SearchJobs</stat>
</tag>
<suite>
<stat pass="0" fail="1" name="Test" id="s1">Test</stat>
<stat pass="0" fail="1" name="Robotframework" id="s1-s1">Test.Robotframework</stat>
<stat pass="0" fail="1" name="Acceptance" id="s1-s1-s1">Test.Robotframework.Acceptance</stat>
<stat pass="0" fail="1" name="CrossoverJobsTest" id="s1-s1-s1-s1">Test.Robotframework.Acceptance.CrossoverJobsTest</stat>
</suite>
</statistics>
<errors>
</errors>
</robot>
